2021-03-18 17:54:20,312 : INFO : Cars_logger : Getting all cars
2021-03-18 17:56:35,741 : INFO : Cars_logger : Getting all cars
2021-03-18 18:11:28,321 : INFO : Cars_logger : Getting all cars
2021-03-18 18:12:54,052 : INFO : Cars_logger : Getting all cars
2022-11-27 17:57:24,603 : INFO : Cars_logger : Getting all cars
2022-11-27 17:57:40,527 : INFO : Cars_logger : Getting all cars
2023-08-04 14:14:32,238 : INFO : Cars_logger : Getting all cars
2023-08-04 14:15:05,863 : INFO : Cars_logger : Getting all cars
2023-08-04 14:16:24,604 : INFO : Cars_logger : Adding car {'id': 12, 'name': 'Ford'}
2023-08-04 14:16:53,191 : INFO : Cars_logger : Getting car 12
2023-08-04 14:22:06,544 : INFO : Cars_logger : Getting all cars
2023-08-11 15:09:11,652 : INFO : Cars_logger : Getting all cars
2023-08-11 15:28:53,692 : INFO : Cars_logger : Getting car 1
2023-08-13 18:21:31,423 : INFO : Cars_logger : Getting all cars
2023-08-13 18:41:13,679 : INFO : Cars_logger : Adding car {'id': 1, 'name': 'Honda'}
2023-08-13 18:42:17,534 : INFO : Cars_logger : Adding car {'id': 1, 'name': 'Honda'}
2023-08-13 18:42:19,470 : INFO : Cars_logger : Adding car {'id': 1, 'name': 'Honda'}
2023-08-13 18:42:30,591 : INFO : Cars_logger : Updating car {'id': 1, 'name': 'BYD'}
2023-08-13 18:42:41,643 : INFO : Cars_logger : Getting car 1
2023-08-13 18:42:49,438 : INFO : Cars_logger : Getting all cars
2023-08-13 18:43:06,461 : INFO : Cars_logger : Deleting car 1
2023-08-13 18:43:12,182 : INFO : Cars_logger : Getting all cars
